<?xml version="1.0" encoding="UTF-8"?>
<!-- Generated by org.testng.reporters.JUnitReportReporter -->
<testsuite hostname="C40LAP-10296" failures="0" tests="2" name="Organization.Ecommerce.EcommerceBase" time="19.927" errors="0" timestamp="2023-07-29T00:11:35 IST" skipped="0">
  <testcase classname="Organization.Ecommerce.EcommerceBase" name="createOrder" time="10.085"/>
  <system-out/>
  <testcase classname="Organization.Ecommerce.EcommerceBase" name="createOrder" time="9.842"/>
  <system-out/>
</testsuite> <!-- Organization.Ecommerce.EcommerceBase -->
